[debug] [2021-01-24T16:40:00.260Z] ----------------------------------------------------------------------
[debug] [2021-01-24T16:40:00.262Z] Command:       /usr/local/bin/node /usr/local/bin/firebase init
[debug] [2021-01-24T16:40:00.263Z] CLI Version:   9.2.2
[debug] [2021-01-24T16:40:00.263Z] Platform:      darwin
[debug] [2021-01-24T16:40:00.263Z] Node Version:  v14.15.4
[debug] [2021-01-24T16:40:00.264Z] Time:          Sun Jan 24 2021 17:40:00 GMT+0100 (Central European Standard Time)
[debug] [2021-01-24T16:40:00.264Z] ----------------------------------------------------------------------
[debug] [2021-01-24T16:40:00.265Z] 
[debug] [2021-01-24T16:40:00.270Z] > command requires scopes: ["email","openid","https://www.googleapis.com/auth/cloudplatformprojects.readonly","https://www.googleapis.com/auth/firebase","https://www.googleapis.com/auth/cloud-platform"]
[debug] [2021-01-24T16:40:00.270Z] > authorizing via signed-in user
[info] 
     ######## #### ########  ######## ########     ###     ######  ########
     ##        ##  ##     ## ##       ##     ##  ##   ##  ##       ##
     ######    ##  ########  ######   ########  #########  ######  ######
     ##        ##  ##    ##  ##       ##     ## ##     ##       ## ##
     ##       #### ##     ## ######## ########  ##     ##  ######  ########

You're about to initialize a Firebase project in this directory:

  /Users/gajaen/WebstormProjects/krypto_app/krypto

[info] 
=== Project Setup
[info] 
[info] First, let's associate this project directory with a Firebase project.
[info] You can create multiple project aliases by running firebase use --add, 
[info] but for now we'll just set up a default project.
[info] 
[debug] [2021-01-24T16:40:23.332Z] >>> [apiv2][query] GET https://firebase.googleapis.com/v1beta1/projects pageSize=100
[debug] [2021-01-24T16:40:23.738Z] <<< [apiv2][status] GET https://firebase.googleapis.com/v1beta1/projects 200
[debug] [2021-01-24T16:40:23.738Z] <<< [apiv2][body] GET https://firebase.googleapis.com/v1beta1/projects [omitted]
[info] i  Using project krypto-6f936 (krypto) 
[info] 
=== Hosting Setup
[info] 
[info] Your public directory is the folder (relative to your project directory) that
[info] will contain Hosting assets to be uploaded with firebase deploy. If you
[info] have a build process for your assets, use your build's output directory.
[info] 
[debug] [2021-01-24T16:40:57.838Z] >>> [apiv2][query] GET https://www.gstatic.com/firebasejs/releases.json [none]
[debug] [2021-01-24T16:40:57.957Z] <<< [apiv2][status] GET https://www.gstatic.com/firebasejs/releases.json 200
[debug] [2021-01-24T16:40:57.958Z] <<< [apiv2][body] GET https://www.gstatic.com/firebasejs/releases.json {"current":{"version":"8.2.4","browserURL":"https://www.gstatic.com/firebasejs/8.2.4/firebase.js","packageURL":"https://www.gstatic.com/firebasejs/8.2.4/firebase.tgz"},"live":{"version":"8.2","browserURL":"https://www.gstatic.com/firebasejs/live/8.2/firebase.js","packageURL":"https://www.gstatic.com/firebasejs/live/8.2/firebase.tgz"},"components":{"analytics":"https://www.gstatic.com/firebasejs/8.2.4/firebase-analytics.js","app":"https://www.gstatic.com/firebasejs/8.2.4/firebase-app.js","auth":"https://www.gstatic.com/firebasejs/8.2.4/firebase-auth.js","database":"https://www.gstatic.com/firebasejs/8.2.4/firebase-database.js","firestore":"https://www.gstatic.com/firebasejs/8.2.4/firebase-firestore.js","functions":"https://www.gstatic.com/firebasejs/8.2.4/firebase-functions.js","installations":"https://www.gstatic.com/firebasejs/8.2.4/firebase-installations.js","messaging":"https://www.gstatic.com/firebasejs/8.2.4/firebase-messaging.js","storage":"https://www.gstatic.com/firebasejs/8.2.4/firebase-storage.js","performance":"https://www.gstatic.com/firebasejs/8.2.4/firebase-performance.js","remote-config":"https://www.gstatic.com/firebasejs/8.2.4/firebase-remote-config.js","firestore.memory":"https://www.gstatic.com/firebasejs/8.2.4/firebase-firestore.memory.js"}}
[info] ✔  Wrote Y/index.html 
[info] 
[info] i  Detected a .git folder at /Users/gajaen/WebstormProjects/krypto_app/krypto 
[info] i  Authorizing with GitHub to upload your service account to a GitHub repository's secrets store. 
[info] 
[info] Visit this URL on this device to log in:
[info] https://github.com/login/oauth/authorize?client_id=89cf50f02ac6aaed3484&state=114517399&redirect_uri=http%3A%2F%2Flocalhost%3A9005&scope=read%3Auser%20repo%20public_repo
[info] 
[info] Waiting for authentication...
[debug] [2021-01-24T16:41:08.149Z] >>> HTTP REQUEST POST https://github.com/login/oauth/access_token  
 {"client_id":"89cf50f02ac6aaed3484","client_secret":"3330d14abc895d9a74d5f17cd7a00711fa2c5bf0","code":"632af61f139f4299a885","redirect_uri":"http://localhost:9005","state":"114517399"}
[debug] [2021-01-24T16:41:08.403Z] <<< HTTP RESPONSE 200 {"date":"Sun, 24 Jan 2021 16:41:08 GMT","content-type":"application/json; charset=utf-8","transfer-encoding":"chunked","server":"GitHub.com","status":"200 OK","vary":"X-PJAX, Accept-Encoding, Accept, X-Requested-With, Accept-Encoding","etag":"W/\"1720c44a6031c0339bc4502ffa566708\"","cache-control":"max-age=0, private, must-revalidate","strict-transport-security":"max-age=31536000; includeSubdomains; preload","x-frame-options":"deny","x-content-type-options":"nosniff","x-xss-protection":"1; mode=block","referrer-policy":"origin-when-cross-origin, strict-origin-when-cross-origin","expect-ct":"max-age=2592000, report-uri=\"https://api.github.com/_private/browser/errors\"","content-security-policy":"default-src 'none'; base-uri 'self'; block-all-mixed-content; connect-src 'self' uploads.github.com www.githubstatus.com collector.githubapp.com api.github.com github-cloud.s3.amazonaws.com github-production-repository-file-5c1aeb.s3.amazonaws.com github-production-upload-manifest-file-7fdce7.s3.amazonaws.com github-production-user-asset-6210df.s3.amazonaws.com cdn.optimizely.com logx.optimizely.com/v1/events wss://alive.github.com; font-src github.githubassets.com; form-action 'self' github.com gist.github.com; frame-ancestors 'none'; frame-src render.githubusercontent.com; img-src 'self' data: github.githubassets.com identicons.github.com collector.githubapp.com github-cloud.s3.amazonaws.com *.githubusercontent.com; manifest-src 'self'; media-src 'none'; script-src github.githubassets.com; style-src 'unsafe-inline' github.githubassets.com; worker-src github.com/socket-worker-5029ae85.js gist.github.com/socket-worker-5029ae85.js","x-github-request-id":"F3D5:1F34:2165864:2AE8314:600DA324"}
[debug] [2021-01-24T16:41:08.404Z] >>> [apiv2][query] GET https://api.github.com/user [none]
[debug] [2021-01-24T16:41:08.730Z] <<< [apiv2][status] GET https://api.github.com/user 200
[debug] [2021-01-24T16:41:08.731Z] <<< [apiv2][body] GET https://api.github.com/user {"login":"gajaen","id":7291047,"node_id":"MDQ6VXNlcjcyOTEwNDc=","avatar_url":"https://avatars.githubusercontent.com/u/7291047?v=4","gravatar_id":"","url":"https://api.github.com/users/gajaen","html_url":"https://github.com/gajaen","followers_url":"https://api.github.com/users/gajaen/followers","following_url":"https://api.github.com/users/gajaen/following{/other_user}","gists_url":"https://api.github.com/users/gajaen/gists{/gist_id}","starred_url":"https://api.github.com/users/gajaen/starred{/owner}{/repo}","subscriptions_url":"https://api.github.com/users/gajaen/subscriptions","organizations_url":"https://api.github.com/users/gajaen/orgs","repos_url":"https://api.github.com/users/gajaen/repos","events_url":"https://api.github.com/users/gajaen/events{/privacy}","received_events_url":"https://api.github.com/users/gajaen/received_events","type":"User","site_admin":false,"name":"Gajaen Chandrasegaram","company":null,"blog":"","location":"Oslo, Norway","email":"gajaen@icloud.com","hireable":true,"bio":null,"twitter_username":null,"public_repos":3,"public_gists":0,"followers":3,"following":0,"created_at":"2014-04-14T14:20:16Z","updated_at":"2021-01-24T16:41:07Z","private_gists":0,"total_private_repos":2,"owned_private_repos":2,"disk_usage":33490,"collaborators":1,"two_factor_authentication":true,"plan":{"name":"pro","space":976562499,"collaborators":0,"private_repos":9999}}
[info] 
[info] ✔  Success! Logged into GitHub as gajaen 
[info] 
[debug] [2021-01-24T16:41:17.820Z] >>> [apiv2][query] GET https://api.github.com/repos//actions/secrets/public-key type=owner
[debug] [2021-01-24T16:41:18.038Z] <<< [apiv2][status] GET https://api.github.com/repos//actions/secrets/public-key 404
[debug] [2021-01-24T16:41:18.039Z] <<< [apiv2][body] GET https://api.github.com/repos//actions/secrets/public-key {"message":"Not Found","documentation_url":"https://docs.github.com/rest"}
[debug] [2021-01-24T16:41:23.252Z] >>> [apiv2][query] GET https://api.github.com/repos/y/actions/secrets/public-key type=owner
[debug] [2021-01-24T16:41:23.495Z] <<< [apiv2][status] GET https://api.github.com/repos/y/actions/secrets/public-key 404
[debug] [2021-01-24T16:41:23.495Z] <<< [apiv2][body] GET https://api.github.com/repos/y/actions/secrets/public-key {"message":"Not Found","documentation_url":"https://docs.github.com/rest"}
[debug] [2021-01-24T16:41:59.160Z] >>> [apiv2][query] GET https://api.github.com/repos//actions/secrets/public-key type=owner
[debug] [2021-01-24T16:41:59.395Z] <<< [apiv2][status] GET https://api.github.com/repos//actions/secrets/public-key 404
[debug] [2021-01-24T16:41:59.395Z] <<< [apiv2][body] GET https://api.github.com/repos//actions/secrets/public-key {"message":"Not Found","documentation_url":"https://docs.github.com/rest"}
